2023-12-22T01:36:44.918Z [warn] WARNING: {{map.call}} was not converted as it has positional parameters which can't be automatically converted. Source: ./app/templates/show-geography.hbs
2023-12-22T01:36:44.933Z [warn] WARNING: {{contains-keys}} was not converted as it has positional parameters which can't be automatically converted. Source: ./app/templates/show-geography.hbs
2023-12-22T01:36:44.935Z [warn] WARNING: {{contains-keys}} was not converted as it has positional parameters which can't be automatically converted. Source: ./app/templates/show-geography.hbs
2023-12-22T01:36:44.937Z [warn] WARNING: {{contains-keys}} was not converted as it has positional parameters which can't be automatically converted. Source: ./app/templates/show-geography.hbs
2023-12-22T03:15:33.520Z [warn] WARNING: {{map.call}} was not converted as it has positional parameters which can't be automatically converted. Source: ./app/templates/show-geography.hbs
2023-12-22T03:15:33.522Z [warn] WARNING: {{get-label-for}} was not converted as it has positional parameters which can't be automatically converted. Source: ./app/templates/show-geography.hbs
2023-12-22T03:15:33.523Z [warn] WARNING: {{get-label-for}} was not converted as it has positional parameters which can't be automatically converted. Source: ./app/templates/show-geography.hbs
2023-12-22T03:15:33.523Z [warn] WARNING: {{get-label-for}} was not converted as it has positional parameters which can't be automatically converted. Source: ./app/templates/show-geography.hbs
2023-12-22T03:15:33.524Z [warn] WARNING: {{get-label-for}} was not converted as it has positional parameters which can't be automatically converted. Source: ./app/templates/show-geography.hbs
2023-12-22T03:15:33.525Z [warn] WARNING: {{get-label-for}} was not converted as it has positional parameters which can't be automatically converted. Source: ./app/templates/show-geography.hbs
2023-12-22T03:15:33.526Z [warn] WARNING: {{get-label-for}} was not converted as it has positional parameters which can't be automatically converted. Source: ./app/templates/show-geography.hbs
2023-12-22T03:15:33.527Z [warn] WARNING: {{get-label-for}} was not converted as it has positional parameters which can't be automatically converted. Source: ./app/templates/show-geography.hbs
2023-12-22T03:15:33.527Z [warn] WARNING: {{contains-keys}} was not converted as it has positional parameters which can't be automatically converted. Source: ./app/templates/show-geography.hbs
2023-12-22T03:15:33.527Z [warn] WARNING: {{get-label-for}} was not converted as it has positional parameters which can't be automatically converted. Source: ./app/templates/show-geography.hbs
2023-12-22T03:15:33.529Z [warn] WARNING: {{contains-keys}} was not converted as it has positional parameters which can't be automatically converted. Source: ./app/templates/show-geography.hbs
2023-12-22T03:15:33.531Z [warn] WARNING: {{get-label-for}} was not converted as it has positional parameters which can't be automatically converted. Source: ./app/templates/show-geography.hbs
2023-12-22T03:15:33.531Z [warn] WARNING: {{contains-keys}} was not converted as it has positional parameters which can't be automatically converted. Source: ./app/templates/show-geography.hbs
2023-12-22T03:15:33.531Z [warn] WARNING: {{get-label-for}} was not converted as it has positional parameters which can't be automatically converted. Source: ./app/templates/show-geography.hbs
2023-12-22T04:44:10.180Z [warn] WARNING: {{my-fancy-component}} was not converted as it has positional parameters which can't be automatically converted. Source: app/templates/components/filters/named-checkbox.hbs
2023-12-22T05:02:55.964Z [warn] WARNING: {{map.call}} was not converted as it has positional parameters which can't be automatically converted. Source: ./app/templates/show-geography.hbs
2023-12-22T05:02:55.967Z [warn] WARNING: {{get-label-for}} was not converted as it has positional parameters which can't be automatically converted. Source: ./app/templates/show-geography.hbs
2023-12-22T05:02:55.968Z [warn] WARNING: {{get-label-for}} was not converted as it has positional parameters which can't be automatically converted. Source: ./app/templates/show-geography.hbs
2023-12-22T05:02:55.968Z [warn] WARNING: {{get-label-for}} was not converted as it has positional parameters which can't be automatically converted. Source: ./app/templates/show-geography.hbs
2023-12-22T05:02:55.969Z [warn] WARNING: {{get-label-for}} was not converted as it has positional parameters which can't be automatically converted. Source: ./app/templates/show-geography.hbs
2023-12-22T05:02:55.969Z [warn] WARNING: {{get-label-for}} was not converted as it has positional parameters which can't be automatically converted. Source: ./app/templates/show-geography.hbs
2023-12-22T05:02:55.969Z [warn] WARNING: {{get-label-for}} was not converted as it has positional parameters which can't be automatically converted. Source: ./app/templates/show-geography.hbs
2023-12-22T05:02:55.970Z [warn] WARNING: {{get-label-for}} was not converted as it has positional parameters which can't be automatically converted. Source: ./app/templates/show-geography.hbs
2023-12-22T05:02:55.970Z [warn] WARNING: {{contains-keys}} was not converted as it has positional parameters which can't be automatically converted. Source: ./app/templates/show-geography.hbs
2023-12-22T05:02:55.970Z [warn] WARNING: {{get-label-for}} was not converted as it has positional parameters which can't be automatically converted. Source: ./app/templates/show-geography.hbs
2023-12-22T05:02:55.971Z [warn] WARNING: {{contains-keys}} was not converted as it has positional parameters which can't be automatically converted. Source: ./app/templates/show-geography.hbs
2023-12-22T05:02:55.972Z [warn] WARNING: {{get-label-for}} was not converted as it has positional parameters which can't be automatically converted. Source: ./app/templates/show-geography.hbs
2023-12-22T05:02:55.972Z [warn] WARNING: {{contains-keys}} was not converted as it has positional parameters which can't be automatically converted. Source: ./app/templates/show-geography.hbs
2023-12-22T05:02:55.972Z [warn] WARNING: {{get-label-for}} was not converted as it has positional parameters which can't be automatically converted. Source: ./app/templates/show-geography.hbs
2023-12-22T05:04:31.685Z [warn] WARNING: {{map.call}} was not converted as it has positional parameters which can't be automatically converted. Source: ./app/templates/components/address-search.hbs
2023-12-22T05:10:33.968Z [warn] WARNING: {{build-url}} was not converted as it has positional parameters which can't be automatically converted. Source: app/templates/components/consolidated-cds.hbs
2023-12-22T05:10:34.078Z [warn] WARNING: {{map.on}} was not converted as it has positional parameters which can't be automatically converted. Source: app/templates/components/projects-map-data.hbs
2023-12-22T05:10:34.132Z [warn] WARNING: {{map.on}} was not converted as it has positional parameters which can't be automatically converted. Source: app/templates/components/filter-distance-from-point.hbs
2023-12-22T05:10:34.179Z [warn] WARNING: {{dasherize}} was not converted as it has positional parameters which can't be automatically converted. Source: app/templates/components/show-project/actions-list.hbs
2023-12-22T05:10:34.081Z [warn] WARNING: {{yield}} was not converted as it has positional parameters which can't be automatically converted. Source: app/templates/components/borough-pres-deduped-votes-list.hbs
2023-12-22T05:10:34.195Z [warn] WARNING: {{yield}} was not converted as it has positional parameters which can't be automatically converted. Source: app/templates/components/deduped-hearings-list.hbs
2023-12-22T05:10:34.201Z [warn] WARNING: {{yield}} was not converted as it has positional parameters which can't be automatically converted. Source: app/templates/components/deduped-votes-list.hbs
2023-12-22T05:10:34.226Z [warn] WARNING: {{map.call}} was not converted as it has positional parameters which can't be automatically converted. Source: app/templates/components/address-search.hbs
2023-12-22T05:10:34.138Z [warn] WARNING: {{yield}} was not converted as it has positional parameters which can't be automatically converted. Source: app/templates/components/filter-distance-from-point.hbs
2023-12-22T05:10:34.139Z [warn] WARNING: {{yield}} was not converted as it has positional parameters which can't be automatically converted. Source: app/templates/components/filter-distance-from-point.hbs
2023-12-22T05:10:34.180Z [warn] WARNING: {{yield}} was not converted as it has positional parameters which can't be automatically converted. Source: app/templates/components/filter-section.hbs
2023-12-22T05:10:34.184Z [warn] WARNING: {{yield}} was not converted as it has positional parameters which can't be automatically converted. Source: app/templates/components/filter-mutators.hbs
2023-12-22T05:10:34.265Z [warn] WARNING: {{yield}} was not converted as it has positional parameters which can't be automatically converted. Source: app/templates/components/hearings-list-for-milestones-list.hbs
2023-12-22T05:10:34.269Z [warn] WARNING: {{yield}} was not converted as it has positional parameters which can't be automatically converted. Source: app/templates/components/mapbox-gl-dynamic-tiles.hbs
2023-12-22T05:10:34.310Z [warn] WARNING: {{participant-type-label}} was not converted as it has positional parameters which can't be automatically converted. Source: app/templates/components/upcoming-project-card.hbs
2023-12-22T05:10:34.340Z [warn] WARNING: {{link-to-crm}} was not converted as it has positional parameters which can't be automatically converted. Source: app/templates/show-project.hbs
2023-12-22T05:10:34.325Z [warn] WARNING: {{or}} was not converted as it has positional parameters which can't be automatically converted. Source: app/templates/components/load-more-button.hbs
2023-12-22T05:10:34.315Z [warn] WARNING: {{not}} was not converted as it has positional parameters which can't be automatically converted. Source: app/templates/components/upcoming-project-card.hbs
2023-12-22T05:10:34.320Z [warn] WARNING: {{participant-type-label}} was not converted as it has positional parameters which can't be automatically converted. Source: app/templates/components/upcoming-project-card.hbs
2023-12-22T05:10:34.321Z [warn] WARNING: {{not}} was not converted as it has positional parameters which can't be automatically converted. Source: app/templates/components/upcoming-project-card.hbs
2023-12-22T05:10:34.327Z [warn] WARNING: {{participant-type-label}} was not converted as it has positional parameters which can't be automatically converted. Source: app/templates/components/upcoming-project-card.hbs
2023-12-22T05:10:34.383Z [warn] WARNING: {{participant-type-label}} was not converted as it has positional parameters which can't be automatically converted. Source: app/templates/components/waive-hearings-popup.hbs
2023-12-22T05:10:34.408Z [warn] WARNING: {{yield}} was not converted as it has positional parameters which can't be automatically converted. Source: app/templates/components/labs-ui/site-header.hbs
2023-12-22T05:10:34.409Z [warn] WARNING: {{yield}} was not converted as it has positional parameters which can't be automatically converted. Source: app/templates/components/labs-ui/site-header.hbs
2023-12-22T05:10:34.512Z [warn] WARNING: {{map.on}} was not converted as it has positional parameters which can't be automatically converted. Source: app/templates/components/structural/project-list-map.hbs
2023-12-22T05:10:34.512Z [warn] WARNING: {{yield}} was not converted as it has positional parameters which can't be automatically converted. Source: app/templates/components/structural/project-list-map.hbs
2023-12-22T05:10:34.342Z [warn] WARNING: {{dasherize}} was not converted as it has positional parameters which can't be automatically converted. Source: app/templates/show-project.hbs
2023-12-22T05:10:34.344Z [warn] WARNING: {{participant-type-label}} was not converted as it has positional parameters which can't be automatically converted. Source: app/templates/show-project.hbs
2023-12-22T05:10:34.508Z [warn] WARNING: {{map.call}} was not converted as it has positional parameters which can't be automatically converted. Source: app/templates/show-geography.hbs
2023-12-22T05:10:34.509Z [warn] WARNING: {{get-label-for}} was not converted as it has positional parameters which can't be automatically converted. Source: app/templates/show-geography.hbs
2023-12-22T05:10:34.510Z [warn] WARNING: {{get-label-for}} was not converted as it has positional parameters which can't be automatically converted. Source: app/templates/show-geography.hbs
2023-12-22T05:10:34.510Z [warn] WARNING: {{get-label-for}} was not converted as it has positional parameters which can't be automatically converted. Source: app/templates/show-geography.hbs
2023-12-22T05:10:34.510Z [warn] WARNING: {{get-label-for}} was not converted as it has positional parameters which can't be automatically converted. Source: app/templates/show-geography.hbs
2023-12-22T05:10:34.511Z [warn] WARNING: {{get-label-for}} was not converted as it has positional parameters which can't be automatically converted. Source: app/templates/show-geography.hbs
2023-12-22T05:10:34.511Z [warn] WARNING: {{get-label-for}} was not converted as it has positional parameters which can't be automatically converted. Source: app/templates/show-geography.hbs
2023-12-22T05:10:34.511Z [warn] WARNING: {{get-label-for}} was not converted as it has positional parameters which can't be automatically converted. Source: app/templates/show-geography.hbs
2023-12-22T05:10:34.512Z [warn] WARNING: {{contains-keys}} was not converted as it has positional parameters which can't be automatically converted. Source: app/templates/show-geography.hbs
2023-12-22T05:10:34.512Z [warn] WARNING: {{get-label-for}} was not converted as it has positional parameters which can't be automatically converted. Source: app/templates/show-geography.hbs
2023-12-22T05:10:34.512Z [warn] WARNING: {{contains-keys}} was not converted as it has positional parameters which can't be automatically converted. Source: app/templates/show-geography.hbs
2023-12-22T05:10:34.513Z [warn] WARNING: {{get-label-for}} was not converted as it has positional parameters which can't be automatically converted. Source: app/templates/show-geography.hbs
2023-12-22T05:10:34.514Z [warn] WARNING: {{contains-keys}} was not converted as it has positional parameters which can't be automatically converted. Source: app/templates/show-geography.hbs
2023-12-22T05:10:34.514Z [warn] WARNING: {{get-label-for}} was not converted as it has positional parameters which can't be automatically converted. Source: app/templates/show-geography.hbs
2023-12-22T05:10:34.082Z [warn] WARNING: {{map.on}} was not converted as it has positional parameters which can't be automatically converted. Source: app/templates/components/projects-map-data.hbs
2023-12-22T05:10:34.083Z [warn] WARNING: {{yield}} was not converted as it has positional parameters which can't be automatically converted. Source: app/templates/components/projects-map-data.hbs
2023-12-22T05:10:34.396Z [warn] WARNING: {{numeral-format}} was not converted as it has positional parameters which can't be automatically converted. Source: app/templates/components/results-header-meta.hbs
2023-12-22T05:10:34.396Z [warn] WARNING: {{pluralize}} was not converted as it has positional parameters which can't be automatically converted. Source: app/templates/components/results-header-meta.hbs
2023-12-22T05:10:34.396Z [warn] WARNING: {{pluralize}} was not converted as it has positional parameters which can't be automatically converted. Source: app/templates/components/results-header-meta.hbs
2023-12-22T05:10:34.398Z [warn] WARNING: {{numeral-format}} was not converted as it has positional parameters which can't be automatically converted. Source: app/templates/components/results-header-meta.hbs
2023-12-22T05:10:34.399Z [warn] WARNING: {{yield}} was not converted as it has positional parameters which can't be automatically converted. Source: app/templates/components/results-header-meta.hbs
2023-12-22T05:10:34.493Z [warn] WARNING: {{participant-type-label}} was not converted as it has positional parameters which can't be automatically converted. Source: app/templates/components/to-review-project-card.hbs
2023-12-22T05:10:34.494Z [warn] WARNING: {{not}} was not converted as it has positional parameters which can't be automatically converted. Source: app/templates/components/to-review-project-card.hbs
2023-12-22T05:10:34.494Z [warn] WARNING: {{participant-type-label}} was not converted as it has positional parameters which can't be automatically converted. Source: app/templates/components/to-review-project-card.hbs
2023-12-22T05:10:34.498Z [warn] WARNING: {{not}} was not converted as it has positional parameters which can't be automatically converted. Source: app/templates/components/to-review-project-card.hbs
2023-12-22T05:10:34.498Z [warn] WARNING: {{participant-type-label}} was not converted as it has positional parameters which can't be automatically converted. Source: app/templates/components/to-review-project-card.hbs
2023-12-22T05:10:34.498Z [warn] WARNING: {{participant-type-label}} was not converted as it has positional parameters which can't be automatically converted. Source: app/templates/components/to-review-project-card.hbs
2023-12-22T05:10:34.500Z [warn] WARNING: {{participant-type-label}} was not converted as it has positional parameters which can't be automatically converted. Source: app/templates/components/to-review-project-card.hbs
2023-12-22T05:10:34.183Z [warn] WARNING: {{build-url}} was not converted as it has positional parameters which can't be automatically converted. Source: app/templates/components/show-project/actions-list.hbs
2023-12-22T05:10:34.339Z [warn] WARNING: {{participant-type-label}} was not converted as it has positional parameters which can't be automatically converted. Source: app/templates/my-projects/assignment/hearing/add.hbs
2023-12-22T05:10:34.639Z [warn] WARNING: {{participant-type-label}} was not converted as it has positional parameters which can't be automatically converted. Source: app/templates/my-projects/assignment/recommendations/add.hbs
2023-12-22T05:10:34.642Z [warn] WARNING: {{participant-type-label}} was not converted as it has positional parameters which can't be automatically converted. Source: app/templates/my-projects/assignment/recommendations/add.hbs
2023-12-22T05:10:34.643Z [warn] WARNING: {{recommendation-label-lookup}} was not converted as it has positional parameters which can't be automatically converted. Source: app/templates/my-projects/assignment/recommendations/add.hbs
2023-12-22T05:10:34.643Z [warn] WARNING: {{fn}} was not converted as it has positional parameters which can't be automatically converted. Source: app/templates/my-projects/assignment/recommendations/add.hbs
2023-12-22T05:10:34.644Z [warn] WARNING: {{fn}} was not converted as it has positional parameters which can't be automatically converted. Source: app/templates/my-projects/assignment/recommendations/add.hbs
2023-12-22T05:10:34.644Z [warn] WARNING: {{fn}} was not converted as it has positional parameters which can't be automatically converted. Source: app/templates/my-projects/assignment/recommendations/add.hbs
2023-12-22T05:10:34.644Z [warn] WARNING: {{fn}} was not converted as it has positional parameters which can't be automatically converted. Source: app/templates/my-projects/assignment/recommendations/add.hbs
2023-12-22T05:10:34.646Z [warn] WARNING: {{recommendation-label-lookup}} was not converted as it has positional parameters which can't be automatically converted. Source: app/templates/my-projects/assignment/recommendations/add.hbs
2023-12-22T05:10:34.646Z [warn] WARNING: {{fn}} was not converted as it has positional parameters which can't be automatically converted. Source: app/templates/my-projects/assignment/recommendations/add.hbs
2023-12-22T05:10:34.648Z [warn] WARNING: {{fn}} was not converted as it has positional parameters which can't be automatically converted. Source: app/templates/my-projects/assignment/recommendations/add.hbs
2023-12-22T05:10:34.648Z [warn] WARNING: {{fn}} was not converted as it has positional parameters which can't be automatically converted. Source: app/templates/my-projects/assignment/recommendations/add.hbs
2023-12-22T05:10:34.648Z [warn] WARNING: {{fn}} was not converted as it has positional parameters which can't be automatically converted. Source: app/templates/my-projects/assignment/recommendations/add.hbs
2023-12-22T05:10:34.650Z [warn] WARNING: {{fn}} was not converted as it has positional parameters which can't be automatically converted. Source: app/templates/my-projects/assignment/recommendations/add.hbs
2023-12-22T05:10:34.650Z [warn] WARNING: {{fn}} was not converted as it has positional parameters which can't be automatically converted. Source: app/templates/my-projects/assignment/recommendations/add.hbs
2023-12-22T05:10:34.661Z [warn] WARNING: {{recommendation-label-lookup}} was not converted as it has positional parameters which can't be automatically converted. Source: app/templates/my-projects/assignment/recommendations/add.hbs
2023-12-22T05:10:34.662Z [warn] WARNING: {{recommendation-label-lookup}} was not converted as it has positional parameters which can't be automatically converted. Source: app/templates/my-projects/assignment/recommendations/add.hbs
